This file contains any messages produced by compilers while
running configure, to aid debugging if configure makes a mistake.

It was created by nobatsim configure 1.1, which was
generated by GNU Autoconf 2.69.  Invocation command line was

  $ ./configure --no-create --no-recursion

## --------- ##
## Platform. ##
## --------- ##

hostname = ben-pc
uname -m = x86_64
uname -r = 4.14.71-1-MANJARO
uname -s = Linux
uname -v = #1 SMP PREEMPT Thu Sep 20 05:29:20 UTC 2018

/usr/bin/uname -p = unknown
/bin/uname -X     = unknown

/bin/arch              = unknown
/usr/bin/arch -k       = unknown
/usr/convex/getsysinfo = unknown
/usr/bin/hostinfo      = unknown
/bin/machine           = unknown
/usr/bin/oslevel       = unknown
/bin/universe          = unknown

PATH: /usr/local/bin
PATH: /usr/bin
PATH: /bin
PATH: /usr/local/sbin
PATH: /usr/lib/jvm/default/bin
PATH: /usr/bin/site_perl
PATH: /usr/bin/vendor_perl
PATH: /usr/bin/core_perl


## ----------- ##
## Core tests. ##
## ----------- ##

configure:2089: checking for a BSD-compatible install
configure:2157: result: /usr/bin/install -c
configure:2168: checking whether build environment is sane
configure:2223: result: yes
configure:2374: checking for a thread-safe mkdir -p
configure:2413: result: /usr/bin/mkdir -p
configure:2420: checking for gawk
configure:2436: found /usr/bin/gawk
configure:2447: result: gawk
configure:2458: checking whether make sets $(MAKE)
configure:2480: result: yes
configure:2509: checking whether make supports nested variables
configure:2526: result: yes
configure:2712: checking for g++
configure:2728: found /usr/bin/g++
configure:2739: result: g++
configure:2766: checking for C++ compiler version
configure:2775: g++ --version >&5
g++ (GCC) 8.2.1 20180831
Copyright (C) 2018 Free Software Foundation, Inc.
This is free software; see the source for copying conditions.  There is NO
warranty; not even for MERCHANTABILITY or FITNESS FOR A PARTICULAR PURPOSE.

configure:2786: $? = 0
configure:2775: g++ -v >&5
Using built-in specs.
COLLECT_GCC=g++
COLLECT_LTO_WRAPPER=/usr/lib/gcc/x86_64-pc-linux-gnu/8.2.1/lto-wrapper
Target: x86_64-pc-linux-gnu
Configured with: /build/gcc/src/gcc/configure --prefix=/usr --libdir=/usr/lib --libexecdir=/usr/lib --mandir=/usr/share/man --infodir=/usr/share/info --with-bugurl=https://bugs.archlinux.org/ --enable-languages=c,c++,ada,fortran,go,lto,objc,obj-c++ --enable-shared --enable-threads=posix --enable-libmpx --with-system-zlib --with-isl --enable-__cxa_atexit --disable-libunwind-exceptions --enable-clocale=gnu --disable-libstdcxx-pch --disable-libssp --enable-gnu-unique-object --enable-linker-build-id --enable-lto --enable-plugin --enable-install-libiberty --with-linker-hash-style=gnu --enable-gnu-indirect-function --enable-multilib --disable-werror --enable-checking=release --enable-default-pie --enable-default-ssp --enable-cet=auto
Thread model: posix
gcc version 8.2.1 20180831 (GCC) 
configure:2786: $? = 0
configure:2775: g++ -V >&5
g++: error: unrecognized command line option '-V'
g++: fatal error: no input files
compilation terminated.
configure:2786: $? = 1
configure:2775: g++ -qversion >&5
g++: error: unrecognized command line option '-qversion'; did you mean '--version'?
g++: fatal error: no input files
compilation terminated.
configure:2786: $? = 1
configure:2806: checking whether the C++ compiler works
configure:2828: g++    conftest.cpp  >&5
configure:2832: $? = 0
configure:2880: result: yes
configure:2883: checking for C++ compiler default output file name
configure:2885: result: a.out
configure:2891: checking for suffix of executables
configure:2898: g++ -o conftest    conftest.cpp  >&5
configure:2902: $? = 0
configure:2924: result: 
configure:2946: checking whether we are cross compiling
configure:2954: g++ -o conftest    conftest.cpp  >&5
configure:2958: $? = 0
configure:2965: ./conftest
configure:2969: $? = 0
configure:2984: result: no
configure:2989: checking for suffix of object files
configure:3011: g++ -c   conftest.cpp >&5
configure:3015: $? = 0
configure:3036: result: o
configure:3040: checking whether we are using the GNU C++ compiler
configure:3059: g++ -c   conftest.cpp >&5
configure:3059: $? = 0
configure:3068: result: yes
configure:3077: checking whether g++ accepts -g
configure:3097: g++ -c -g  conftest.cpp >&5
configure:3097: $? = 0
configure:3138: result: yes
configure:3172: checking for style of include used by make
configure:3200: result: GNU
configure:3226: checking dependency style of g++
configure:3337: result: gcc3
configure:3400: checking for gcc
configure:3416: found /usr/bin/gcc
configure:3427: result: gcc
configure:3656: checking for C compiler version
configure:3665: gcc --version >&5
gcc (GCC) 8.2.1 20180831
Copyright (C) 2018 Free Software Foundation, Inc.
This is free software; see the source for copying conditions.  There is NO
warranty; not even for MERCHANTABILITY or FITNESS FOR A PARTICULAR PURPOSE.

configure:3676: $? = 0
configure:3665: gcc -v >&5
Using built-in specs.
COLLECT_GCC=gcc
COLLECT_LTO_WRAPPER=/usr/lib/gcc/x86_64-pc-linux-gnu/8.2.1/lto-wrapper
Target: x86_64-pc-linux-gnu
Configured with: /build/gcc/src/gcc/configure --prefix=/usr --libdir=/usr/lib --libexecdir=/usr/lib --mandir=/usr/share/man --infodir=/usr/share/info --with-bugurl=https://bugs.archlinux.org/ --enable-languages=c,c++,ada,fortran,go,lto,objc,obj-c++ --enable-shared --enable-threads=posix --enable-libmpx --with-system-zlib --with-isl --enable-__cxa_atexit --disable-libunwind-exceptions --enable-clocale=gnu --disable-libstdcxx-pch --disable-libssp --enable-gnu-unique-object --enable-linker-build-id --enable-lto --enable-plugin --enable-install-libiberty --with-linker-hash-style=gnu --enable-gnu-indirect-function --enable-multilib --disable-werror --enable-checking=release --enable-default-pie --enable-default-ssp --enable-cet=auto
Thread model: posix
gcc version 8.2.1 20180831 (GCC) 
configure:3676: $? = 0
configure:3665: gcc -V >&5
gcc: error: unrecognized command line option '-V'
gcc: fatal error: no input files
compilation terminated.
configure:3676: $? = 1
configure:3665: gcc -qversion >&5
gcc: error: unrecognized command line option '-qversion'; did you mean '--version'?
gcc: fatal error: no input files
compilation terminated.
configure:3676: $? = 1
configure:3680: checking whether we are using the GNU C compiler
configure:3699: gcc -c   conftest.c >&5
configure:3699: $? = 0
configure:3708: result: yes
configure:3717: checking whether gcc accepts -g
configure:3737: gcc -c -g  conftest.c >&5
configure:3737: $? = 0
configure:3778: result: yes
configure:3795: checking for gcc option to accept ISO C89
configure:3858: gcc  -c -g -O2  conftest.c >&5
configure:3858: $? = 0
configure:3871: result: none needed
configure:3896: checking whether gcc understands -c and -o together
configure:3918: gcc -c conftest.c -o conftest2.o
configure:3921: $? = 0
configure:3918: gcc -c conftest.c -o conftest2.o
configure:3921: $? = 0
configure:3933: result: yes
configure:3952: checking dependency style of gcc
configure:4063: result: gcc3
configure:4090: checking how to run the C preprocessor
configure:4121: gcc -E  conftest.c
configure:4121: $? = 0
configure:4135: gcc -E  conftest.c
conftest.c:11:10: fatal error: ac_nonexistent.h: No such file or directory
 #include <ac_nonexistent.h>
          ^~~~~~~~~~~~~~~~~~
compilation terminated.
configure:4135: $? = 1
configure: failed program was:
| /* confdefs.h */
| #define PACKAGE_NAME "nobatsim"
| #define PACKAGE_TARNAME "nobatsim"
| #define PACKAGE_VERSION "1.1"
| #define PACKAGE_STRING "nobatsim 1.1"
| #define PACKAGE_BUGREPORT ""
| #define PACKAGE_URL ""
| #define PACKAGE "nobatsim"
| #define VERSION "1.1"
| /* end confdefs.h.  */
| #include <ac_nonexistent.h>
configure:4160: result: gcc -E
configure:4180: gcc -E  conftest.c
configure:4180: $? = 0
configure:4194: gcc -E  conftest.c
conftest.c:11:10: fatal error: ac_nonexistent.h: No such file or directory
 #include <ac_nonexistent.h>
          ^~~~~~~~~~~~~~~~~~
compilation terminated.
configure:4194: $? = 1
configure: failed program was:
| /* confdefs.h */
| #define PACKAGE_NAME "nobatsim"
| #define PACKAGE_TARNAME "nobatsim"
| #define PACKAGE_VERSION "1.1"
| #define PACKAGE_STRING "nobatsim 1.1"
| #define PACKAGE_BUGREPORT ""
| #define PACKAGE_URL ""
| #define PACKAGE "nobatsim"
| #define VERSION "1.1"
| /* end confdefs.h.  */
| #include <ac_nonexistent.h>
configure:4223: checking for grep that handles long lines and -e
configure:4281: result: /usr/bin/grep
configure:4286: checking for egrep
configure:4348: result: /usr/bin/grep -E
configure:4353: checking for ANSI C header files
configure:4373: gcc -c -g -O2  conftest.c >&5
configure:4373: $? = 0
configure:4446: gcc -o conftest -g -O2   conftest.c  >&5
configure:4446: $? = 0
configure:4446: ./conftest
configure:4446: $? = 0
configure:4457: result: yes
configure:4470: checking for sys/types.h
configure:4470: gcc -c -g -O2  conftest.c >&5
configure:4470: $? = 0
configure:4470: result: yes
configure:4470: checking for sys/stat.h
configure:4470: gcc -c -g -O2  conftest.c >&5
configure:4470: $? = 0
configure:4470: result: yes
configure:4470: checking for stdlib.h
configure:4470: gcc -c -g -O2  conftest.c >&5
configure:4470: $? = 0
configure:4470: result: yes
configure:4470: checking for string.h
configure:4470: gcc -c -g -O2  conftest.c >&5
configure:4470: $? = 0
configure:4470: result: yes
configure:4470: checking for memory.h
configure:4470: gcc -c -g -O2  conftest.c >&5
configure:4470: $? = 0
configure:4470: result: yes
configure:4470: checking for strings.h
configure:4470: gcc -c -g -O2  conftest.c >&5
configure:4470: $? = 0
configure:4470: result: yes
configure:4470: checking for inttypes.h
configure:4470: gcc -c -g -O2  conftest.c >&5
configure:4470: $? = 0
configure:4470: result: yes
configure:4470: checking for stdint.h
configure:4470: gcc -c -g -O2  conftest.c >&5
configure:4470: $? = 0
configure:4470: result: yes
configure:4470: checking for unistd.h
configure:4470: gcc -c -g -O2  conftest.c >&5
configure:4470: $? = 0
configure:4470: result: yes
configure:4482: checking for stdbool.h that conforms to C99
configure:4549: gcc -c -g -O2  conftest.c >&5
configure:4549: $? = 0
configure:4556: result: yes
configure:4558: checking for _Bool
configure:4558: gcc -c -g -O2  conftest.c >&5
configure:4558: $? = 0
configure:4558: gcc -c -g -O2  conftest.c >&5
conftest.c: In function 'main':
conftest.c:57:20: error: expected expression before ')' token
 if (sizeof ((_Bool)))
                    ^
configure:4558: $? = 1
configure: failed program was:
| /* confdefs.h */
| #define PACKAGE_NAME "nobatsim"
| #define PACKAGE_TARNAME "nobatsim"
| #define PACKAGE_VERSION "1.1"
| #define PACKAGE_STRING "nobatsim 1.1"
| #define PACKAGE_BUGREPORT ""
| #define PACKAGE_URL ""
| #define PACKAGE "nobatsim"
| #define VERSION "1.1"
| #define STDC_HEADERS 1
| #define HAVE_SYS_TYPES_H 1
| #define HAVE_SYS_STAT_H 1
| #define HAVE_STDLIB_H 1
| #define HAVE_STRING_H 1
| #define HAVE_MEMORY_H 1
| #define HAVE_STRINGS_H 1
| #define HAVE_INTTYPES_H 1
| #define HAVE_STDINT_H 1
| #define HAVE_UNISTD_H 1
| /* end confdefs.h.  */
| #include <stdio.h>
| #ifdef HAVE_SYS_TYPES_H
| # include <sys/types.h>
| #endif
| #ifdef HAVE_SYS_STAT_H
| # include <sys/stat.h>
| #endif
| #ifdef STDC_HEADERS
| # include <stdlib.h>
| # include <stddef.h>
| #else
| # ifdef HAVE_STDLIB_H
| #  include <stdlib.h>
| # endif
| #endif
| #ifdef HAVE_STRING_H
| # if !defined STDC_HEADERS && defined HAVE_MEMORY_H
| #  include <memory.h>
| # endif
| # include <string.h>
| #endif
| #ifdef HAVE_STRINGS_H
| # include <strings.h>
| #endif
| #ifdef HAVE_INTTYPES_H
| # include <inttypes.h>
| #endif
| #ifdef HAVE_STDINT_H
| # include <stdint.h>
| #endif
| #ifdef HAVE_UNISTD_H
| # include <unistd.h>
| #endif
| int
| main ()
| {
| if (sizeof ((_Bool)))
| 	    return 0;
|   ;
|   return 0;
| }
configure:4558: result: yes
configure:4681: checking that generated files are newer than configure
configure:4687: result: done
configure:4714: creating ./config.status

## ---------------- ##
## Cache variables. ##
## ---------------- ##

ac_cv_c_compiler_gnu=yes
ac_cv_cxx_compiler_gnu=yes
ac_cv_env_CCC_set=
ac_cv_env_CCC_value=
ac_cv_env_CC_set=
ac_cv_env_CC_value=
ac_cv_env_CFLAGS_set=
ac_cv_env_CFLAGS_value=
ac_cv_env_CPPFLAGS_set=
ac_cv_env_CPPFLAGS_value=
ac_cv_env_CPP_set=
ac_cv_env_CPP_value=
ac_cv_env_CXXFLAGS_set=
ac_cv_env_CXXFLAGS_value=
ac_cv_env_CXX_set=
ac_cv_env_CXX_value=
ac_cv_env_LDFLAGS_set=
ac_cv_env_LDFLAGS_value=
ac_cv_env_LIBS_set=
ac_cv_env_LIBS_value=
ac_cv_env_build_alias_set=
ac_cv_env_build_alias_value=
ac_cv_env_host_alias_set=
ac_cv_env_host_alias_value=
ac_cv_env_target_alias_set=
ac_cv_env_target_alias_value=
ac_cv_header_inttypes_h=yes
ac_cv_header_memory_h=yes
ac_cv_header_stdbool_h=yes
ac_cv_header_stdc=yes
ac_cv_header_stdint_h=yes
ac_cv_header_stdlib_h=yes
ac_cv_header_string_h=yes
ac_cv_header_strings_h=yes
ac_cv_header_sys_stat_h=yes
ac_cv_header_sys_types_h=yes
ac_cv_header_unistd_h=yes
ac_cv_objext=o
ac_cv_path_EGREP='/usr/bin/grep -E'
ac_cv_path_GREP=/usr/bin/grep
ac_cv_path_install='/usr/bin/install -c'
ac_cv_path_mkdir=/usr/bin/mkdir
ac_cv_prog_AWK=gawk
ac_cv_prog_CPP='gcc -E'
ac_cv_prog_ac_ct_CC=gcc
ac_cv_prog_ac_ct_CXX=g++
ac_cv_prog_cc_c89=
ac_cv_prog_cc_g=yes
ac_cv_prog_cxx_g=yes
ac_cv_prog_make_make_set=yes
ac_cv_type__Bool=yes
am_cv_CC_dependencies_compiler_type=gcc3
am_cv_CXX_dependencies_compiler_type=gcc3
am_cv_make_support_nested_variables=yes
am_cv_prog_cc_c_o=yes

## ----------------- ##
## Output variables. ##
## ----------------- ##

ACLOCAL='${SHELL} /home/ben/Documents/repos/nobatsim-master/NoBatSim/missing aclocal-1.15'
AMDEPBACKSLASH='\'
AMDEP_FALSE='#'
AMDEP_TRUE=''
AMTAR='$${TAR-tar}'
AM_BACKSLASH='\'
AM_DEFAULT_V='$(AM_DEFAULT_VERBOSITY)'
AM_DEFAULT_VERBOSITY='1'
AM_V='$(V)'
AUTOCONF='${SHELL} /home/ben/Documents/repos/nobatsim-master/NoBatSim/missing autoconf'
AUTOHEADER='${SHELL} /home/ben/Documents/repos/nobatsim-master/NoBatSim/missing autoheader'
AUTOMAKE='${SHELL} /home/ben/Documents/repos/nobatsim-master/NoBatSim/missing automake-1.15'
AWK='gawk'
CC='gcc'
CCDEPMODE='depmode=gcc3'
CFLAGS='-g -O2'
CPP='gcc -E'
CPPFLAGS=''
CXX='g++'
CXXDEPMODE='depmode=gcc3'
CXXFLAGS='-g -O2'
CYGPATH_W='echo'
DEFS='-DHAVE_CONFIG_H'
DEPDIR='.deps'
ECHO_C=''
ECHO_N='-n'
ECHO_T=''
EGREP='/usr/bin/grep -E'
EXEEXT=''
GREP='/usr/bin/grep'
INSTALL_DATA='${INSTALL} -m 644'
INSTALL_PROGRAM='${INSTALL}'
INSTALL_SCRIPT='${INSTALL}'
INSTALL_STRIP_PROGRAM='$(install_sh) -c -s'
LDFLAGS=''
LIBOBJS=''
LIBS=''
LTLIBOBJS=''
MAKEINFO='${SHELL} /home/ben/Documents/repos/nobatsim-master/NoBatSim/missing makeinfo'
MKDIR_P='/usr/bin/mkdir -p'
OBJEXT='o'
PACKAGE='nobatsim'
PACKAGE_BUGREPORT=''
PACKAGE_NAME='nobatsim'
PACKAGE_STRING='nobatsim 1.1'
PACKAGE_TARNAME='nobatsim'
PACKAGE_URL=''
PACKAGE_VERSION='1.1'
PATH_SEPARATOR=':'
SET_MAKE=''
SHELL='/bin/sh'
STRIP=''
VERSION='1.1'
ac_ct_CC='gcc'
ac_ct_CXX='g++'
am__EXEEXT_FALSE=''
am__EXEEXT_TRUE='#'
am__fastdepCC_FALSE='#'
am__fastdepCC_TRUE=''
am__fastdepCXX_FALSE='#'
am__fastdepCXX_TRUE=''
am__include='include'
am__isrc=''
am__leading_dot='.'
am__nodep='_no'
am__quote=''
am__tar='$${TAR-tar} chof - "$$tardir"'
am__untar='$${TAR-tar} xf -'
bindir='${exec_prefix}/bin'
build_alias=''
datadir='${datarootdir}'
datarootdir='${prefix}/share'
docdir='${datarootdir}/doc/${PACKAGE_TARNAME}'
dvidir='${docdir}'
exec_prefix='${prefix}'
host_alias=''
htmldir='${docdir}'
includedir='${prefix}/include'
infodir='${datarootdir}/info'
install_sh='${SHELL} /home/ben/Documents/repos/nobatsim-master/NoBatSim/install-sh'
libdir='${exec_prefix}/lib'
libexecdir='${exec_prefix}/libexec'
localedir='${datarootdir}/locale'
localstatedir='${prefix}/var'
mandir='${datarootdir}/man'
mkdir_p='$(MKDIR_P)'
oldincludedir='/usr/include'
pdfdir='${docdir}'
prefix='/usr/local'
program_transform_name='s,x,x,'
psdir='${docdir}'
sbindir='${exec_prefix}/sbin'
sharedstatedir='${prefix}/com'
sysconfdir='${prefix}/etc'
target_alias=''

## ----------- ##
## confdefs.h. ##
## ----------- ##

/* confdefs.h */
#define PACKAGE_NAME "nobatsim"
#define PACKAGE_TARNAME "nobatsim"
#define PACKAGE_VERSION "1.1"
#define PACKAGE_STRING "nobatsim 1.1"
#define PACKAGE_BUGREPORT ""
#define PACKAGE_URL ""
#define PACKAGE "nobatsim"
#define VERSION "1.1"
#define STDC_HEADERS 1
#define HAVE_SYS_TYPES_H 1
#define HAVE_SYS_STAT_H 1
#define HAVE_STDLIB_H 1
#define HAVE_STRING_H 1
#define HAVE_MEMORY_H 1
#define HAVE_STRINGS_H 1
#define HAVE_INTTYPES_H 1
#define HAVE_STDINT_H 1
#define HAVE_UNISTD_H 1
#define HAVE__BOOL 1

configure: exit 0

## ---------------------- ##
## Running config.status. ##
## ---------------------- ##

This file was extended by nobatsim config.status 1.1, which was
generated by GNU Autoconf 2.69.  Invocation command line was

  CONFIG_FILES    = 
  CONFIG_HEADERS  = 
  CONFIG_LINKS    = 
  CONFIG_COMMANDS = 
  $ ./config.status 

on ben-pc

config.status:859: creating Makefile
config.status:859: creating config.h
config.status:1040: config.h is unchanged
config.status:1088: executing depfiles commands

## ---------------------- ##
## Running config.status. ##
## ---------------------- ##

This file was extended by nobatsim config.status 1.1, which was
generated by GNU Autoconf 2.69.  Invocation command line was

  CONFIG_FILES    = 
  CONFIG_HEADERS  = 
  CONFIG_LINKS    = 
  CONFIG_COMMANDS = 
  $ ./config.status config.h

on ben-pc

config.status:859: creating config.h
config.status:1040: config.h is unchanged
